{"C:\\Users\\0084125561\\Desktop\\AuPluginTest-master\\src\\app.ts": {"path":"C:\\Users\\0084125561\\Desktop\\AuPluginTest-master\\src\\app.ts","statementMap":{"0":{"start":{"line":1,"column":0},"end":{"line":3,"column":0}},"1":{"start":{"line":2,"column":2},"end":{"line":2,"column":27}},"2":{"start":{"line":3,"column":0},"end":{"line":3,"column":1}},"3":{"start":{"line":1,"column":13},"end":{"line":1,"column":16}}},"fnMap":{"0":{"name":"(anonymous_0)","decl":{"start":{"line":1,"column":0},"end":{"line":null,"column":-1}},"loc":{"start":{"line":1,"column":0},"end":{"line":1,"column":-1}}}},"branchMap":{},"s":{"0":1,"1":1,"2":1,"3":1},"f":{"0":2},"b":{}}
,"C:\\Users\\0084125561\\Desktop\\AuPluginTest-master\\src\\environment.ts": {"path":"C:\\Users\\0084125561\\Desktop\\AuPluginTest-master\\src\\environment.ts","statementMap":{"0":{"start":{"line":1,"column":0},"end":{"line":4,"column":2}}},"fnMap":{},"branchMap":{},"s":{"0":0},"f":{},"b":{}}
,"C:\\Users\\0084125561\\Desktop\\AuPluginTest-master\\src\\main.ts": {"path":"C:\\Users\\0084125561\\Desktop\\AuPluginTest-master\\src\\main.ts","statementMap":{"0":{"start":{"line":4,"column":0},"end":{"line":4,"column":39}},"1":{"start":{"line":5,"column":0},"end":{"line":5,"column":38}},"2":{"start":{"line":12,"column":2},"end":{"line":14,"column":53}},"3":{"start":{"line":23,"column":2},"end":{"line":23,"column":71}},"4":{"start":{"line":25,"column":2},"end":{"line":27,"column":3}},"5":{"start":{"line":26,"column":4},"end":{"line":26,"column":63}},"6":{"start":{"line":29,"column":2},"end":{"line":31,"column":61}},"7":{"start":{"line":31,"column":16},"end":{"line":31,"column":59}},"8":{"start":{"line":11,"column":0},"end":{"line":32,"column":1}}},"fnMap":{"0":{"name":"configure","decl":{"start":{"line":11,"column":16},"end":{"line":11,"column":25}},"loc":{"start":{"line":11,"column":42},"end":{"line":32,"column":1}}},"1":{"name":"(anonymous_1)","decl":{"start":{"line":31,"column":10},"end":{"line":31,"column":15}},"loc":{"start":{"line":31,"column":10},"end":{"line":31,"column":59}}}},"branchMap":{"0":{"loc":{"start":{"line":23,"column":53},"end":{"line":23,"column":60}},"type":"cond-expr","locations":[{"start":{"line":23,"column":53},"end":{"line":23,"column":60}},{"start":{"line":23,"column":63},"end":{"line":23,"column":69}}]},"1":{"loc":{"start":{"line":25,"column":2},"end":{"line":27,"column":3}},"type":"if","locations":[{"start":{"line":25,"column":2},"end":{"line":27,"column":3}},{"start":{"line":25,"column":2},"end":{"line":27,"column":3}}]}},"s":{"0":0,"1":0,"2":0,"3":0,"4":0,"5":0,"6":0,"7":0,"8":0},"f":{"0":0,"1":0},"b":{"0":[0,0],"1":[0,0]}}
,"C:\\Users\\0084125561\\Desktop\\AuPluginTest-master\\src\\resources\\index.ts": {"path":"C:\\Users\\0084125561\\Desktop\\AuPluginTest-master\\src\\resources\\index.ts","statementMap":{"0":{"start":{"line":3,"column":0},"end":{"line":3,"column":57}},"1":{"start":{"line":6,"column":2},"end":{"line":6,"column":24}},"2":{"start":{"line":5,"column":0},"end":{"line":7,"column":1}}},"fnMap":{"0":{"name":"configure","decl":{"start":{"line":5,"column":16},"end":{"line":5,"column":25}},"loc":{"start":{"line":5,"column":56},"end":{"line":7,"column":1}}}},"branchMap":{},"s":{"0":0,"1":0,"2":0},"f":{"0":0},"b":{}}
,"C:\\Users\\0084125561\\Desktop\\AuPluginTest-master\\src\\resources\\demo\\demo-element.ts": {"path":"C:\\Users\\0084125561\\Desktop\\AuPluginTest-master\\src\\resources\\demo\\demo-element.ts","statementMap":{"0":{"start":{"line":1,"column":0},"end":{"line":1,"column":57}},"1":{"start":{"line":4,"column":0},"end":{"line":6,"column":0}},"2":{"start":{"line":5,"column":12},"end":{"line":5,"column":18}},"3":{"start":{"line":4,"column":13},"end":{"line":6,"column":1}},"4":{"start":{"line":6,"column":0},"end":{"line":6,"column":1}},"5":{"start":{"line":4,"column":13},"end":{"line":4,"column":24}}},"fnMap":{"0":{"name":"(anonymous_2)","decl":{"start":{"line":4,"column":0},"end":{"line":null,"column":-1}},"loc":{"start":{"line":4,"column":0},"end":{"line":4,"column":-1}}}},"branchMap":{},"s":{"0":0,"1":0,"2":0,"3":0,"4":0,"5":0},"f":{"0":0},"b":{}}
,"C:\\Users\\0084125561\\Desktop\\AuPluginTest-master\\src\\resources\\demo\\index.ts": {"path":"C:\\Users\\0084125561\\Desktop\\AuPluginTest-master\\src\\resources\\demo\\index.ts","statementMap":{"0":{"start":{"line":3,"column":0},"end":{"line":3,"column":44}},"1":{"start":{"line":9,"column":2},"end":{"line":11,"column":5}},"2":{"start":{"line":5,"column":0},"end":{"line":12,"column":1}}},"fnMap":{"0":{"name":"configure","decl":{"start":{"line":5,"column":16},"end":{"line":5,"column":25}},"loc":{"start":{"line":5,"column":56},"end":{"line":12,"column":1}}}},"branchMap":{},"s":{"0":0,"1":0,"2":0},"f":{"0":0},"b":{}}
}
