TN:
SF:C:\Users\0084125561\Desktop\AuPluginTest-master\src\app.ts
FN:1,(anonymous_0)
FNF:1
FNH:1
FNDA:2,(anonymous_0)
DA:1,1
DA:2,1
DA:3,1
LF:3
LH:3
BRF:0
BRH:0
end_of_record
TN:
SF:C:\Users\0084125561\Desktop\AuPluginTest-master\src\environment.ts
FNF:0
FNH:0
DA:1,0
LF:1
LH:0
BRF:0
BRH:0
end_of_record
TN:
SF:C:\Users\0084125561\Desktop\AuPluginTest-master\src\main.ts
FN:11,configure
FN:31,(anonymous_1)
FNF:2
FNH:0
FNDA:0,configure
FNDA:0,(anonymous_1)
DA:4,0
DA:5,0
DA:11,0
DA:12,0
DA:23,0
DA:25,0
DA:26,0
DA:29,0
DA:31,0
LF:9
LH:0
BRDA:23,0,0,0
BRDA:23,0,1,0
BRDA:25,1,0,0
BRDA:25,1,1,0
BRF:4
BRH:0
end_of_record
TN:
SF:C:\Users\0084125561\Desktop\AuPluginTest-master\src\resources\index.ts
FN:5,configure
FNF:1
FNH:0
FNDA:0,configure
DA:3,0
DA:5,0
DA:6,0
LF:3
LH:0
BRF:0
BRH:0
end_of_record
TN:
SF:C:\Users\0084125561\Desktop\AuPluginTest-master\src\resources\demo\demo-element.ts
FN:4,(anonymous_2)
FNF:1
FNH:0
FNDA:0,(anonymous_2)
DA:1,0
DA:4,0
DA:5,0
DA:6,0
LF:4
LH:0
BRF:0
BRH:0
end_of_record
TN:
SF:C:\Users\0084125561\Desktop\AuPluginTest-master\src\resources\demo\index.ts
FN:5,configure
FNF:1
FNH:0
FNDA:0,configure
DA:3,0
DA:5,0
DA:9,0
LF:3
LH:0
BRF:0
BRH:0
end_of_record
